<?xml version="1.0" encoding="UTF-8"?>
<!-- Generated by org.testng.reporters.JUnitXMLReporter -->
<testsuite ignored="0" hostname="Febils-MacBook-Air.local" failures="1" tests="1" name="Default test" time="37.387" errors="0" timestamp="2026-01-15T21:45:43 IST">
  <testcase classname="io.cucumber.testng.AbstractTestNGCucumberTests" name="runScenario" time="36.59">
    <failure type="java.lang.AssertionError" message="expected [Booking Confirme] but found [Booking Confirmed]">
      <![CDATA[java.lang.AssertionError: expected [Booking Confirme] but found [Booking Confirmed]
at org.testng.Assert.fail(Assert.java:111)
at org.testng.Assert.failNotEquals(Assert.java:1590)
at org.testng.Assert.assertEqualsImpl(Assert.java:150)
at org.testng.Assert.assertEquals(Assert.java:132)
at org.testng.Assert.assertEquals(Assert.java:656)
at org.testng.Assert.assertEquals(Assert.java:666)
at StepDefinitions.Task1_DoubleRoom.booking_confirmed_message_is_displayed(Task1_DoubleRoom.java:127)
at ✽.Booking Confirmed Message is Displayed(file:///Users/febiljoseb/eclipse-workspace/HotelBookingBDD/src/test/resources/Features/Task1_DoubleRoom.feature:10)
]]>
    </failure>
  </testcase> <!-- runScenario -->
</testsuite> <!-- Default test -->
