<?xml version="1.0" encoding="UTF-8"?>
<testng-results ignored="0" total="1" passed="0" failed="1" skipped="0">
  <reporter-output>
  </reporter-output>
  <suite started-at="2026-01-15T21:45:05 IST" name="Default suite" finished-at="2026-01-15T21:45:43 IST" duration-ms="37387">
    <groups>
      <group name="cucumber">
        <method signature="AbstractTestNGCucumberTests.runScenario(io.cucumber.testng.PickleWrapper,io.cucumber.testng.FeatureWrapper)[pri:0, instance:StepDefinitions.TestRunner.CucumberTestRunner@57a3af25]" name="runScenario" class="io.cucumber.testng.AbstractTestNGCucumberTests"/>
      </group> <!-- cucumber -->
    </groups>
    <test started-at="2026-01-15T21:45:05 IST" name="Default test" finished-at="2026-01-15T21:45:43 IST" duration-ms="37387">
      <class name="StepDefinitions.TestRunner.CucumberTestRunner">
        <test-method is-config="true" signature="setUpClass(org.testng.ITestContext)[pri:0, instance:StepDefinitions.TestRunner.CucumberTestRunner@57a3af25]" started-at="2026-01-15T21:45:05 IST" name="setUpClass" finished-at="2026-01-15T21:45:06 IST" duration-ms="687" status="PASS">
          <params>
            <param index="0">
              <value>
                <![CDATA[org.testng.TestRunner@45667d98]]>
              </value>
            </param>
          </params>
          <reporter-output>
          </reporter-output>
        </test-method> <!-- setUpClass -->
        <test-method signature="runScenario(io.cucumber.testng.PickleWrapper,io.cucumber.testng.FeatureWrapper)[pri:0, instance:StepDefinitions.TestRunner.CucumberTestRunner@57a3af25]" started-at="2026-01-15T21:45:06 IST" name="runScenario" description="Runs Cucumber Scenarios" data-provider="scenarios" finished-at="2026-01-15T21:45:43 IST" duration-ms="36590" status="FAIL">
          <params>
            <param index="0">
              <value>
                <![CDATA["Booking of double room for 3 days & 2 nights"]]>
              </value>
            </param>
            <param index="1">
              <value>
                <![CDATA["Task1_DoubleRoom"]]>
              </value>
            </param>
          </params>
          <exception class="java.lang.AssertionError">
            <message>
              <![CDATA[expected [Booking Confirme] but found [Booking Confirmed]]]>
            </message>
            <full-stacktrace>
              <![CDATA[java.lang.AssertionError: expected [Booking Confirme] but found [Booking Confirmed]
at org.testng.Assert.fail(Assert.java:111)
at org.testng.Assert.failNotEquals(Assert.java:1590)
at org.testng.Assert.assertEqualsImpl(Assert.java:150)
at org.testng.Assert.assertEquals(Assert.java:132)
at org.testng.Assert.assertEquals(Assert.java:656)
at org.testng.Assert.assertEquals(Assert.java:666)
at StepDefinitions.Task1_DoubleRoom.booking_confirmed_message_is_displayed(Task1_DoubleRoom.java:127)
at ✽.Booking Confirmed Message is Displayed(file:///Users/febiljoseb/eclipse-workspace/HotelBookingBDD/src/test/resources/Features/Task1_DoubleRoom.feature:10)
]]>
            </full-stacktrace>
          </exception> <!-- java.lang.AssertionError -->
          <reporter-output>
          </reporter-output>
        </test-method> <!-- runScenario -->
        <test-method is-config="true" signature="tearDownClass()[pri:0, instance:StepDefinitions.TestRunner.CucumberTestRunner@57a3af25]" started-at="2026-01-15T21:45:43 IST" name="tearDownClass" finished-at="2026-01-15T21:45:43 IST" duration-ms="38" status="PASS">
          <reporter-output>
          </reporter-output>
        </test-method> <!-- tearDownClass -->
      </class> <!-- StepDefinitions.TestRunner.CucumberTestRunner -->
    </test> <!-- Default test -->
  </suite> <!-- Default suite -->
</testng-results>
